android/app/build/intermediates/manifest_merge_blame_file/debug/manifest-merger-blame-debug-report.txt
1<?xml version="1.0" encoding="utf-8"?>
2<manifest xmlns:android="http://schemas.android.com/apk/res/android"
3    package="com.ecowater"
4    android:versionCode="1"
5    android:versionName="1.0" >
6
7    <uses-sdk
8        android:minSdkVersion="28"
8-->src/main/AndroidManifest.xml
9        android:targetSdkVersion="32" />
9-->src/main/AndroidManifest.xml
10
11    <uses-permission android:name="android.permission.CAMERA" />
11-->src/main/AndroidManifest.xml:5:5-65
11-->src/main/AndroidManifest.xml:5:22-62
12    <uses-permission
12-->src/main/AndroidManifest.xml:6:5-8:38
13        android:name="android.permission.BLUETOOTH"
13-->src/main/AndroidManifest.xml:7:9-52
14        android:maxSdkVersion="30" />
14-->src/main/AndroidManifest.xml:8:9-35
15    <uses-permission
15-->src/main/AndroidManifest.xml:9:5-11:38
16        android:name="android.permission.BLUETOOTH_ADMIN"
16-->src/main/AndroidManifest.xml:10:9-58
17        android:maxSdkVersion="30" />
17-->src/main/AndroidManifest.xml:11:9-35
18    <uses-permission
18-->src/main/AndroidManifest.xml:12:5-14:58
19        android:name="android.permission.BLUETOOTH_SCAN"
19-->src/main/AndroidManifest.xml:13:9-57
20        android:usesPermissionFlags="neverForLocation" />
20-->src/main/AndroidManifest.xml:14:9-55
21    <uses-permission android:name="android.permission.BLUETOOTH_ADVERTISE" />
21-->src/main/AndroidManifest.xml:15:5-78
21-->src/main/AndroidManifest.xml:15:22-75
22    <uses-permission android:name="android.permission.BLUETOOTH_CONNECT" />
22-->src/main/AndroidManifest.xml:16:5-76
22-->src/main/AndroidManifest.xml:16:22-73
23    <uses-permission android:name="android.permission.ACCESS_BACKGROUND_LOCATION" />
23-->src/main/AndroidManifest.xml:17:5-85
23-->src/main/AndroidManifest.xml:17:22-82
24    <uses-permission android:name="android.permission.ACCESS_FINE_LOCATION" />
24-->src/main/AndroidManifest.xml:18:5-79
24-->src/main/AndroidManifest.xml:18:22-76
25    <uses-permission android:name="android.permission.ACCESS_COARSE_LOCATION" />
25-->src/main/AndroidManifest.xml:19:5-81
25-->src/main/AndroidManifest.xml:19:22-78
26
27    <uses-feature
27-->src/main/AndroidManifest.xml:21:5-23:35
28        android:name="android.hardware.bluetooth"
28-->src/main/AndroidManifest.xml:22:9-50
29        android:required="true" />
29-->src/main/AndroidManifest.xml:23:9-32
30    <uses-feature android:name="android.hardware.camera.flash" />
30-->src/main/AndroidManifest.xml:24:5-66
30-->src/main/AndroidManifest.xml:24:19-63
31
32    <permission
32-->[androidx.core:core:1.9.0] AndroidManifest.xml:22:5-24:47
33        android:name="com.ecowater.DYNAMIC_RECEIVER_NOT_EXPORTED_PERMISSION"
33-->[androidx.core:core:1.9.0] AndroidManifest.xml:23:9-81
34        android:protectionLevel="signature" />
34-->[androidx.core:core:1.9.0] AndroidManifest.xml:24:9-44
35
36    <uses-permission android:name="com.ecowater.DYNAMIC_RECEIVER_NOT_EXPORTED_PERMISSION" />
36-->[androidx.core:core:1.9.0] AndroidManifest.xml:26:5-97
36-->[androidx.core:core:1.9.0] AndroidManifest.xml:26:22-94
37
38    <application
38-->src/main/AndroidManifest.xml:26:5-76:19
39        android:allowBackup="true"
39-->src/main/AndroidManifest.xml:27:9-35
40        android:appComponentFactory="androidx.core.app.CoreComponentFactory"
40-->[androidx.core:core:1.9.0] AndroidManifest.xml:28:18-86
41        android:dataExtractionRules="@xml/data_extraction_rules"
41-->src/main/AndroidManifest.xml:28:9-65
42        android:debuggable="true"
43        android:extractNativeLibs="false"
44        android:fullBackupContent="@xml/backup_rules"
44-->src/main/AndroidManifest.xml:29:9-54
45        android:icon="@mipmap/ic_launcher"
45-->src/main/AndroidManifest.xml:30:9-43
46        android:label="@string/app_name"
46-->src/main/AndroidManifest.xml:31:9-41
47        android:roundIcon="@mipmap/ic_launcher_round"
47-->src/main/AndroidManifest.xml:32:9-54
48        android:supportsRtl="true"
48-->src/main/AndroidManifest.xml:33:9-35
49        android:testOnly="true"
50        android:theme="@style/Theme.EcoWater" >
50-->src/main/AndroidManifest.xml:34:9-46
51        <activity
51-->src/main/AndroidManifest.xml:36:9-44:20
52            android:name="com.ecowater.BluetoothDevicesActivity"
52-->src/main/AndroidManifest.xml:37:13-53
53            android:exported="false"
53-->src/main/AndroidManifest.xml:38:13-37
54            android:parentActivityName="com.ecowater.BluetoothActivity"
54-->src/main/AndroidManifest.xml:39:13-60
55            android:screenOrientation="portrait" >
55-->src/main/AndroidManifest.xml:40:13-49
56            <meta-data
56-->src/main/AndroidManifest.xml:41:13-43:36
57                android:name="android.app.lib_name"
57-->src/main/AndroidManifest.xml:42:17-52
58                android:value="" />
58-->src/main/AndroidManifest.xml:43:17-33
59        </activity>
60        <activity
60-->src/main/AndroidManifest.xml:45:9-53:20
61            android:name="com.ecowater.BluetoothActivity"
61-->src/main/AndroidManifest.xml:46:13-46
62            android:exported="false"
62-->src/main/AndroidManifest.xml:47:13-37
63            android:parentActivityName="com.ecowater.MainActivity"
63-->src/main/AndroidManifest.xml:48:13-55
64            android:screenOrientation="portrait" >
64-->src/main/AndroidManifest.xml:49:13-49
65            <meta-data
65-->src/main/AndroidManifest.xml:41:13-43:36
66                android:name="android.app.lib_name"
66-->src/main/AndroidManifest.xml:42:17-52
67                android:value="" />
67-->src/main/AndroidManifest.xml:43:17-33
68        </activity>
69        <activity
69-->src/main/AndroidManifest.xml:54:9-62:20
70            android:name="com.ecowater.SensorsActivity"
70-->src/main/AndroidManifest.xml:55:13-44
71            android:exported="false"
71-->src/main/AndroidManifest.xml:56:13-37
72            android:parentActivityName="com.ecowater.MainActivity"
72-->src/main/AndroidManifest.xml:57:13-55
73            android:screenOrientation="portrait" >
73-->src/main/AndroidManifest.xml:58:13-49
74            <meta-data
74-->src/main/AndroidManifest.xml:41:13-43:36
75                android:name="android.app.lib_name"
75-->src/main/AndroidManifest.xml:42:17-52
76                android:value="" />
76-->src/main/AndroidManifest.xml:43:17-33
77        </activity>
78        <activity
78-->src/main/AndroidManifest.xml:63:9-75:20
79            android:name="com.ecowater.MainActivity"
79-->src/main/AndroidManifest.xml:64:13-41
80            android:exported="true"
80-->src/main/AndroidManifest.xml:65:13-36
81            android:screenOrientation="portrait" >
81-->src/main/AndroidManifest.xml:66:13-49
82            <intent-filter>
82-->src/main/AndroidManifest.xml:67:13-70:29
83                <action android:name="android.intent.action.MAIN" />
83-->src/main/AndroidManifest.xml:68:17-69
83-->src/main/AndroidManifest.xml:68:25-66
84
85                <category android:name="android.intent.category.LAUNCHER" />
85-->src/main/AndroidManifest.xml:69:17-77
85-->src/main/AndroidManifest.xml:69:27-74
86            </intent-filter>
87
88            <meta-data
88-->src/main/AndroidManifest.xml:41:13-43:36
89                android:name="android.app.lib_name"
89-->src/main/AndroidManifest.xml:42:17-52
90                android:value="" />
90-->src/main/AndroidManifest.xml:43:17-33
91        </activity>
92
93        <provider
93-->[androidx.emoji2:emoji2:1.2.0] AndroidManifest.xml:24:9-32:20
94            android:name="androidx.startup.InitializationProvider"
94-->[androidx.emoji2:emoji2:1.2.0] AndroidManifest.xml:25:13-67
95            android:authorities="com.ecowater.androidx-startup"
95-->[androidx.emoji2:emoji2:1.2.0] AndroidManifest.xml:26:13-68
96            android:exported="false" >
96-->[androidx.emoji2:emoji2:1.2.0] AndroidManifest.xml:27:13-37
97            <meta-data
97-->[androidx.emoji2:emoji2:1.2.0] AndroidManifest.xml:29:13-31:52
98                android:name="androidx.emoji2.text.EmojiCompatInitializer"
98-->[androidx.emoji2:emoji2:1.2.0] AndroidManifest.xml:30:17-75
99                android:value="androidx.startup" />
99-->[androidx.emoji2:emoji2:1.2.0] AndroidManifest.xml:31:17-49
100            <meta-data
100-->[androidx.lifecycle:lifecycle-process:2.4.1] AndroidManifest.xml:31:13-33:52
101                android:name="androidx.lifecycle.ProcessLifecycleInitializer"
101-->[androidx.lifecycle:lifecycle-process:2.4.1] AndroidManifest.xml:32:17-78
102                android:value="androidx.startup" />
102-->[androidx.lifecycle:lifecycle-process:2.4.1] AndroidManifest.xml:33:17-49
103        </provider>
104    </application>
105
106</manifest>